Unity Player [version: Unity 4.3.3f1_c8ca9b6b9936]

FcBuild1.exe caused an Access Violation (0xc0000005)
  in module FcBuild1.exe at 0033:3fc7c91c.

Error occurred at 2014-05-12_174832.
D:\Dokument\GitHub\Flash-and-crash\FlashAndCrash\FcBuild1.exe, run by Adam.
56% memory in use.
8075 MB physical memory [3502 MB free].
16147 MB paging file [10882 MB free].
8388608 MB user address space [8388220 MB free].
Read from location ffffffff caused an access violation.

Context:
RDI:    0x02c5cf18  RSI: 0x00000000  RAX:   0x00000002
RBX:    0x03c29f68  RCX: 0x00000006  RDX:   0x00000000
RIP:    0x3fc7c91c  RBP: 0x00000000  SegCs: 0x00000033
EFlags: 0x00010202  RSP: 0x001deaa0  SegSs: 0x0000002b
R8:    0x00000003  R9: 0x02c5ce80  R10:   0x03b78e20
R11:    0x001dea60  R12: 0x00000002  R13:   0x00000000
R14:    0x001df3d0  R15: 0x00000000

Bytes at CS:EIP:
0f 54 8c 24 88 01 00 00 44 0f 54 9c 24 88 01 00 Module 1
C:\Windows\system32\MSASN1.dll
Image Base: 0xfd640000  Image Size: 0x0000f000
File Size:  46592       File Time:  2010-11-21_052424
Version:
   Company:    Microsoft Corporation
   Product:    Microsoft® Windows® Operating System
   FileDesc:   ASN.1 Runtime APIs
   FileVer:    6.1.7601.17514
   ProdVer:    6.1.7601.17514

Module 2
C:\Windows\system32\xinput1_3.dll
Image Base: 0x00400000  Image Size: 0x0001e000
File Size:  107368      File Time:  2007-04-04_195422
Version:
   Company:    Microsoft Corporation
   Product:    Microsoft® DirectX for Windows®
   FileDesc:   Microsoft Common Controller API
   FileVer:    9.18.944.0
   ProdVer:    9.18.944.0

Module 3
C:\Program Files\NVIDIA Corporation\CoProcManager\detoured.dll
Image Base: 0x0f000000  Image Size: 0x00006000
File Size:  4096        File Time:  2012-10-12_151120
Version:
   Company:    
   Product:    
   FileDesc:   
   FileVer:    0.0.0.0
   ProdVer:    0.0.0.0

Module 4
C:\Program Files (x86)\WinSplit Revolution\WinSplitHook64.DLL
Image Base: 0x70fc0000  Image Size: 0x0000d000
File Size:  15360       File Time:  2011-04-12_225328
Version:
   Company:    
   Product:    WinSplit Revolution
   FileDesc:   WinSplit Hook System
   FileVer:    11.0.4.0
   ProdVer:    0.0.0.0

Module 5
C:\Windows\system32\ksuser.dll
Image Base: 0x749f0000  Image Size: 0x00006000
File Size:  5120        File Time:  2009-07-14_034114
Version:
   Company:    Microsoft Corporation
   Product:    Microsoft® Windows® Operating System
   FileDesc:   User CSA Library
   FileVer:    6.1.7600.16385
   ProdVer:    6.1.7600.16385

Module 6
C:\Windows\system32\kernel32.dll
Image Base: 0x775c0000  Image Size: 0x0011f000
File Size:  1163264     File Time:  2014-03-04_114402
Version:
   Company:    Microsoft Corporation
   Product:    Microsoft® Windows® Operating System
   FileDesc:   Windows NT BASE API Client DLL
   FileVer:    6.1.7601.18409
   ProdVer:    6.1.7601.18409

Module 7
C:\Windows\system32\USER32.dll
Image Base: 0x776e0000  Image Size: 0x000fa000
File Size:  1008128     File Time:  2010-11-21_052410
Version:
   Company:    Microsoft Corporation
   Product:    Microsoft® Windows® Operating System
   FileDesc:   Multi-User Windows USER API Client DLL
   FileVer:    6.1.7601.17514
   ProdVer:    6.1.7601.17514

Module 8
C:\Windows\SYSTEM32\ntdll.dll
Image Base: 0x777e0000  Image Size: 0x001a9000
File Size:  1732032     File Time:  2013-08-29_041636
Version:
   Company:    Microsoft Corporation
   Product:    Microsoft® Windows® Operating System
   FileDesc:   NT Layer DLL
   FileVer:    6.1.7601.18247
   ProdVer:    6.1.7601.18247

Module 9
C:\Windows\system32\PSAPI.DLL
Image Base: 0x779b0000  Image Size: 0x00007000
File Size:  9216        File Time:  2009-07-14_034154
Version:
   Company:    Microsoft Corporation
   Product:    Microsoft® Windows® Operating System
   FileDesc:   Process Status Helper
   FileVer:    6.1.7600.16385
   ProdVer:    6.1.7600.16385


== [end of error.log] ==
